Add component: Footprint Not Found 
Add component: Footprint Not Found SMA_Amphenol_132134-11_Vertical
Added Component: Designator=C201(C_0603_1608Metric_Pad1.08x0.95mm_HandSolder)
Add component (AddParameter): Name = "Value"; Value = "2.2uF"; VariantName = "[No Variations]"
Added Component: Designator=C202(C_0603_1608Metric_Pad1.08x0.95mm_HandSolder)
Add component (AddParameter): Name = "Value"; Value = "1uF"; VariantName = "[No Variations]"
Added Component: Designator=C203(C_0603_1608Metric_Pad1.08x0.95mm_HandSolder)
Add component (AddParameter): Name = "Value"; Value = "0.1uF"; VariantName = "[No Variations]"
Added Component: Designator=C204(C_0603_1608Metric_Pad1.08x0.95mm_HandSolder)
Add component (AddParameter): Name = "Value"; Value = ".1uF"; VariantName = "[No Variations]"
Added Component: Designator=C401(C_0603_1608Metric_Pad1.08x0.95mm_HandSolder)
Add component (AddParameter): Name = "Value"; Value = "1uF"; VariantName = "[No Variations]"
Added Component: Designator=C601(C_0402_1005Metric_Pad0.74x0.62mm_HandSolder)
Add component (AddParameter): Name = "Value"; Value = "30"; VariantName = "[No Variations]"
Added Component: Designator=C602(C_0402_1005Metric_Pad0.74x0.62mm_HandSolder)
Add component (AddParameter): Name = "Value"; Value = "30"; VariantName = "[No Variations]"
Add component: Footprint Not Found LED_1206_3216Metric_Pad1.42x1.75mm_HandSolder
Add component: Footprint Not Found LED_1206_3216Metric_Pad1.42x1.75mm_HandSolder
Add component: Footprint Not Found LED_1206_3216Metric_Pad1.42x1.75mm_HandSolder
Add component: Footprint Not Found LED_1206_3216Metric_Pad1.42x1.75mm_HandSolder
Add component: Footprint Not Found LED_1206_3216Metric_Pad1.42x1.75mm_HandSolder
Add component: Footprint Not Found CONN_1924389_PXC
Add component: Footprint Not Found TerminalBlock_Phoenix_MKDS-3-2-5.08_1x02_P5.08mm_Horizontal
Add component: Footprint Not Found TerminalBlock_Phoenix_MKDS-3-2-5.08_1x02_P5.08mm_Horizontal
Add component: Footprint Not Found CONN8_796867-8_TEC
Add component: Footprint Not Found JST_XH_B5B-XH-A_1x05_P2.50mm_Vertical
Add component: Footprint Not Found JST_XH_B4B-XH-A_1x04_P2.50mm_Vertical
Add component: Footprint Not Found E32-433T33D
Add component: Footprint Not Found JST_XH_B4B-XH-A_1x04_P2.50mm_Vertical
Add component: Footprint Not Found CON20_2X10_SHM_TEC
Added Component: Designator=JP201(R_1206_3216Metric_Pad1.30x1.75mm_HandSolder)
Add component (AddParameter): Name = "Value"; Value = "SolderJumper_2_Open"; VariantName = "[No Variations]"
Add component: Footprint Not Found LED_QTLP600C_EVE
Add component: Footprint Not Found LED_QTLP600C_EVE
Add component: Footprint Not Found LED_QTLP600C_EVE
Add component: Footprint Not Found SOT95P237X112-3N
Add component: Footprint Not Found SOT95P237X112-3N
Add component: Footprint Not Found SOT95P237X112-3N
Add component: Footprint Not Found SOT95P237X112-3N
Add component: Footprint Not Found SOT95P237X112-3N
Add component: Footprint Not Found SOT95P237X112-3N
Add component: Footprint Not Found SOT95P237X112-3N
Add component: Footprint Not Found SOT95P237X112-3N
Add component: Footprint Not Found SOT95P237X112-3N
Add component: Footprint Not Found SOT95P237X112-3N
Add component: Footprint Not Found RES_CRGCQ0402F100K_TEC
Add component: Footprint Not Found RES_CRGCQ0402F100K_TEC
Add component: Footprint Not Found RES_CRGCQ0402F100K_TEC
Added Component: Designator=R101(R_0805_2012Metric_Pad1.20x1.40mm_HandSolder)
Add component (AddParameter): Name = "Value"; Value = "220"; VariantName = "[No Variations]"
Added Component: Designator=R102(R_0805_2012Metric_Pad1.20x1.40mm_HandSolder)
Add component (AddParameter): Name = "Value"; Value = "220"; VariantName = "[No Variations]"
Added Component: Designator=R103(R_1206_3216Metric_Pad1.30x1.75mm_HandSolder)
Add component (AddParameter): Name = "Value"; Value = "0"; VariantName = "[No Variations]"
Added Component: Designator=R104(R_1206_3216Metric_Pad1.30x1.75mm_HandSolder)
Add component (AddParameter): Name = "Value"; Value = "0"; VariantName = "[No Variations]"
Added Component: Designator=R105(R_0805_2012Metric_Pad1.20x1.40mm_HandSolder)
Add component (AddParameter): Name = "Value"; Value = "470"; VariantName = "[No Variations]"
Added Component: Designator=R106(R_0805_2012Metric_Pad1.20x1.40mm_HandSolder)
Add component (AddParameter): Name = "Value"; Value = "470"; VariantName = "[No Variations]"
Added Component: Designator=R107(R_0805_2012Metric_Pad1.20x1.40mm_HandSolder)
Add component (AddParameter): Name = "Value"; Value = "470"; VariantName = "[No Variations]"
Added Component: Designator=R108(R_1206_3216Metric_Pad1.30x1.75mm_HandSolder)
Add component (AddParameter): Name = "Value"; Value = "1k"; VariantName = "[No Variations]"
Added Component: Designator=R109(R_1206_3216Metric_Pad1.30x1.75mm_HandSolder)
Add component (AddParameter): Name = "Value"; Value = "1k"; VariantName = "[No Variations]"
Added Component: Designator=R110(R_1206_3216Metric_Pad1.30x1.75mm_HandSolder)
Add component (AddParameter): Name = "Value"; Value = "1k"; VariantName = "[No Variations]"
Added Component: Designator=R111(R_1206_3216Metric_Pad1.30x1.75mm_HandSolder)
Add component (AddParameter): Name = "Value"; Value = "1k"; VariantName = "[No Variations]"
Added Component: Designator=R112(R_1206_3216Metric_Pad1.30x1.75mm_HandSolder)
Add component (AddParameter): Name = "Value"; Value = "1k"; VariantName = "[No Variations]"
Added Component: Designator=R113(R_1206_3216Metric_Pad1.30x1.75mm_HandSolder)
Add component (AddParameter): Name = "Value"; Value = "1k"; VariantName = "[No Variations]"
Added Component: Designator=R601(R_0603_1608Metric_Pad0.98x0.95mm_HandSolder)
Add component (AddParameter): Name = "Value"; Value = "120"; VariantName = "[No Variations]"
Added Component: Designator=R602(R_0603_1608Metric_Pad0.98x0.95mm_HandSolder)
Add component (AddParameter): Name = "Value"; Value = "10k"; VariantName = "[No Variations]"
Added Component: Designator=R901(R_1206_3216Metric_Pad1.30x1.75mm_HandSolder)
Add component (AddParameter): Name = "Value"; Value = "10k"; VariantName = "[No Variations]"
Add component: Footprint Not Found JST_XH_B3B-XH-A_1x03_P2.50mm_Vertical
Add component: Footprint Not Found DW18
Add component: Footprint Not Found DCDC_StepDown_LM2596
Add component: Footprint Not Found DCDC_StepDown_LM2596
Add component: Footprint Not Found SOIC-16W_7.5x10.3mm_P1.27mm
Add component: Footprint Not Found SOIC-16W_7.5x10.3mm_P1.27mm
Add component: Footprint Not Found SA868
Add component: Footprint Not Found SOT-23-5
Add component: Footprint Not Found Blackpill STM32F401CCU6
Add component: Footprint Not Found SOIC-18W_7.5x11.6mm_P1.27mm
Add component: Footprint Not Found SOIC-8_3.9x4.9mm_P1.27mm
Add Pin To Net: Unknown Pin: Pin *-1
Add Pin To Net: Unknown Pin: Pin *-2
Add Pin To Net: Unknown Pin: Pin *-3
Add Pin To Net: Unknown Pin: Pin *-4
Add Pin To Net: Unknown Pin: Pin *-5
Add Pin To Net: Unknown Pin: Pin AE101-1
Add Pin To Net: Unknown Pin: Pin AE101-2
Added Pin To Net: NetName=NetC201_1 Pin=C201-1
Added Pin To Net: NetName=NetC201_2 Pin=C201-2
Added Pin To Net: NetName=GNDA Pin=C202-1
Added Pin To Net: NetName=+5V Pin=C202-2
Added Pin To Net: NetName=+5V Pin=C203-1
Added Pin To Net: NetName=GNDA Pin=C203-2
Added Pin To Net: NetName=GNDA Pin=C204-1
Added Pin To Net: NetName=+5V Pin=C204-2
Added Pin To Net: NetName=+5V Pin=C401-1
Added Pin To Net: NetName=GNDD Pin=C401-2
Added Pin To Net: NetName=GNDD Pin=C601-1
Added Pin To Net: NetName=NetC601_2 Pin=C601-2
Added Pin To Net: NetName=GNDD Pin=C602-1
Added Pin To Net: NetName=NetC602_2 Pin=C602-2
Add Pin To Net: Unknown Pin: Pin D101-1
Add Pin To Net: Unknown Pin: Pin D101-2
Add Pin To Net: Unknown Pin: Pin D102-1
Add Pin To Net: Unknown Pin: Pin D102-2
Add Pin To Net: Unknown Pin: Pin D103-1
Add Pin To Net: Unknown Pin: Pin D103-2
Add Pin To Net: Unknown Pin: Pin D104-1
Add Pin To Net: Unknown Pin: Pin D104-2
Add Pin To Net: Unknown Pin: Pin D105-1
Add Pin To Net: Unknown Pin: Pin D105-2
Add Pin To Net: Unknown Pin: Pin J1-1
Add Pin To Net: Unknown Pin: Pin J1-2
Add Pin To Net: Unknown Pin: Pin J1-3
Add Pin To Net: Unknown Pin: Pin J1-4
Add Pin To Net: Unknown Pin: Pin J1-5
Add Pin To Net: Unknown Pin: Pin J1-6
Add Pin To Net: Unknown Pin: Pin J1-7
Add Pin To Net: Unknown Pin: Pin J1-8
Add Pin To Net: Unknown Pin: Pin J1-9
Add Pin To Net: Unknown Pin: Pin J1-10
Add Pin To Net: Unknown Pin: Pin J101-1
Add Pin To Net: Unknown Pin: Pin J101-2
Add Pin To Net: Unknown Pin: Pin J102-1
Add Pin To Net: Unknown Pin: Pin J102-2
Add Pin To Net: Unknown Pin: Pin J103-1
Add Pin To Net: Unknown Pin: Pin J103-2
Add Pin To Net: Unknown Pin: Pin J103-3
Add Pin To Net: Unknown Pin: Pin J103-4
Add Pin To Net: Unknown Pin: Pin J103-5
Add Pin To Net: Unknown Pin: Pin J103-6
Add Pin To Net: Unknown Pin: Pin J103-7
Add Pin To Net: Unknown Pin: Pin J103-8
Add Pin To Net: Unknown Pin: Pin J201-1
Add Pin To Net: Unknown Pin: Pin J201-2
Add Pin To Net: Unknown Pin: Pin J201-3
Add Pin To Net: Unknown Pin: Pin J201-4
Add Pin To Net: Unknown Pin: Pin J201-5
Add Pin To Net: Unknown Pin: Pin J202-1
Add Pin To Net: Unknown Pin: Pin J202-2
Add Pin To Net: Unknown Pin: Pin J202-3
Add Pin To Net: Unknown Pin: Pin J202-4
Add Pin To Net: Unknown Pin: Pin J401-1
Add Pin To Net: Unknown Pin: Pin J401-2
Add Pin To Net: Unknown Pin: Pin J401-3
Add Pin To Net: Unknown Pin: Pin J401-4
Add Pin To Net: Unknown Pin: Pin J401-5
Add Pin To Net: Unknown Pin: Pin J401-6
Add Pin To Net: Unknown Pin: Pin J401-7
Add Pin To Net: Unknown Pin: Pin J501-1
Add Pin To Net: Unknown Pin: Pin J501-2
Add Pin To Net: Unknown Pin: Pin J501-3
Add Pin To Net: Unknown Pin: Pin J501-4
Add Pin To Net: Unknown Pin: Pin J602-1
Add Pin To Net: Unknown Pin: Pin J602-2
Add Pin To Net: Unknown Pin: Pin J603-1
Add Pin To Net: Unknown Pin: Pin J603-2
Add Pin To Net: Unknown Pin: Pin J?-1
Add Pin To Net: Unknown Pin: Pin J?-2
Add Pin To Net: Unknown Pin: Pin J?-3
Add Pin To Net: Unknown Pin: Pin J?-4
Add Pin To Net: Unknown Pin: Pin J?-5
Add Pin To Net: Unknown Pin: Pin J?-6
Add Pin To Net: Unknown Pin: Pin J?-7
Add Pin To Net: Unknown Pin: Pin J?-8
Add Pin To Net: Unknown Pin: Pin J?-9
Add Pin To Net: Unknown Pin: Pin J?-10
Add Pin To Net: Unknown Pin: Pin J?-11
Add Pin To Net: Unknown Pin: Pin J?-12
Add Pin To Net: Unknown Pin: Pin J?-13
Add Pin To Net: Unknown Pin: Pin J?-14
Add Pin To Net: Unknown Pin: Pin J?-15
Add Pin To Net: Unknown Pin: Pin J?-16
Add Pin To Net: Unknown Pin: Pin J?-17
Add Pin To Net: Unknown Pin: Pin J?-18
Add Pin To Net: Unknown Pin: Pin J?-19
Add Pin To Net: Unknown Pin: Pin J?-20
Add Pin To Net: Unknown Pin: Pin J?-21
Add Pin To Net: Unknown Pin: Pin J?-22
Add Pin To Net: Unknown Pin: Pin JP101-1
Add Pin To Net: Unknown Pin: Pin JP101-2
Add Pin To Net: Unknown Pin: Pin JP102-1
Add Pin To Net: Unknown Pin: Pin JP102-2
Add Pin To Net: Unknown Pin: Pin JP103-1
Add Pin To Net: Unknown Pin: Pin JP103-2
Add Pin To Net: Unknown Pin: Pin JP104-1
Add Pin To Net: Unknown Pin: Pin JP104-2
Add Pin To Net: Unknown Pin: Pin JP105-1
Add Pin To Net: Unknown Pin: Pin JP105-2
Add Pin To Net: Unknown Pin: Pin JP106-1
Add Pin To Net: Unknown Pin: Pin JP106-2
Added Pin To Net: NetName=NetJP201_1 Pin=JP201-1
Added Pin To Net: NetName=NetC201_1 Pin=JP201-2
Add Pin To Net: Unknown Pin: Pin LED1-1
Add Pin To Net: Unknown Pin: Pin LED1-2
Add Pin To Net: Unknown Pin: Pin LED2-1
Add Pin To Net: Unknown Pin: Pin LED2-2
Add Pin To Net: Unknown Pin: Pin LED3-1
Add Pin To Net: Unknown Pin: Pin LED3-2
Add Pin To Net: Unknown Pin: Pin Q1-1
Add Pin To Net: Unknown Pin: Pin Q1-2
Add Pin To Net: Unknown Pin: Pin Q1-3
Add Pin To Net: Unknown Pin: Pin Q2-1
Add Pin To Net: Unknown Pin: Pin Q2-2
Add Pin To Net: Unknown Pin: Pin Q2-3
Add Pin To Net: Unknown Pin: Pin Q3-1
Add Pin To Net: Unknown Pin: Pin Q3-2
Add Pin To Net: Unknown Pin: Pin Q3-3
Add Pin To Net: Unknown Pin: Pin Q4-1
Add Pin To Net: Unknown Pin: Pin Q4-2
Add Pin To Net: Unknown Pin: Pin Q4-3
Add Pin To Net: Unknown Pin: Pin Q5-1
Add Pin To Net: Unknown Pin: Pin Q5-2
Add Pin To Net: Unknown Pin: Pin Q5-3
Add Pin To Net: Unknown Pin: Pin Q6-1
Add Pin To Net: Unknown Pin: Pin Q6-2
Add Pin To Net: Unknown Pin: Pin Q6-3
Add Pin To Net: Unknown Pin: Pin Q7-1
Add Pin To Net: Unknown Pin: Pin Q7-2
Add Pin To Net: Unknown Pin: Pin Q7-3
Add Pin To Net: Unknown Pin: Pin Q8-1
Add Pin To Net: Unknown Pin: Pin Q8-2
Add Pin To Net: Unknown Pin: Pin Q8-3
Add Pin To Net: Unknown Pin: Pin Q9-1
Add Pin To Net: Unknown Pin: Pin Q9-2
Add Pin To Net: Unknown Pin: Pin Q9-3
Add Pin To Net: Unknown Pin: Pin Q10-1
Add Pin To Net: Unknown Pin: Pin Q10-2
Add Pin To Net: Unknown Pin: Pin Q10-3
Add Pin To Net: Unknown Pin: Pin R5-1
Add Pin To Net: Unknown Pin: Pin R5-2
Add Pin To Net: Unknown Pin: Pin R6-1
Add Pin To Net: Unknown Pin: Pin R6-2
Add Pin To Net: Unknown Pin: Pin R7-1
Add Pin To Net: Unknown Pin: Pin R7-2
Added Pin To Net: NetName=+3.3V Pin=R101-1
Added Pin To Net: NetName=NetD101_2 Pin=R101-2
Added Pin To Net: NetName=+5V Pin=R102-1
Added Pin To Net: NetName=NetD102_2 Pin=R102-2
Added Pin To Net: NetName=GNDD Pin=R103-1
Added Pin To Net: NetName=GNDA Pin=R103-2
Added Pin To Net: NetName=GNDD Pin=R104-1
Added Pin To Net: NetName=GNDA Pin=R104-2
Added Pin To Net: NetName=+5V Pin=R105-1
Added Pin To Net: NetName=NetD103_2 Pin=R105-2
Added Pin To Net: NetName=+5V Pin=R106-1
Added Pin To Net: NetName=NetD104_2 Pin=R106-2
Added Pin To Net: NetName=+5V Pin=R107-1
Added Pin To Net: NetName=NetD105_2 Pin=R107-2
Added Pin To Net: NetName=+3.3V Pin=R108-1
Added Pin To Net: NetName=NetJP106_2 Pin=R108-2
Added Pin To Net: NetName=+3.3V Pin=R109-1
Added Pin To Net: NetName=NetJP105_2 Pin=R109-2
Added Pin To Net: NetName=+3.3V Pin=R110-1
Added Pin To Net: NetName=NetJP104_2 Pin=R110-2
Added Pin To Net: NetName=+3.3V Pin=R111-1
Added Pin To Net: NetName=NetJP103_2 Pin=R111-2
Added Pin To Net: NetName=+3.3V Pin=R112-1
Added Pin To Net: NetName=NetJP102_2 Pin=R112-2
Added Pin To Net: NetName=+3.3V Pin=R113-1
Added Pin To Net: NetName=NetJP101_2 Pin=R113-2
Added Pin To Net: NetName=NetJ602_2 Pin=R601-1
Added Pin To Net: NetName=NetJ603_1 Pin=R601-2
Added Pin To Net: NetName=NetR602_1 Pin=R602-1
Added Pin To Net: NetName=+5V Pin=R602-2
Added Pin To Net: NetName=+5V Pin=R901-1
Added Pin To Net: NetName=NetJ202_2 Pin=R901-2
Add Pin To Net: Unknown Pin: Pin RV201-1
Add Pin To Net: Unknown Pin: Pin RV201-2
Add Pin To Net: Unknown Pin: Pin RV201-3
Add Pin To Net: Unknown Pin: Pin U1-1
Add Pin To Net: Unknown Pin: Pin U1-2
Add Pin To Net: Unknown Pin: Pin U1-3
Add Pin To Net: Unknown Pin: Pin U1-4
Add Pin To Net: Unknown Pin: Pin U1-5
Add Pin To Net: Unknown Pin: Pin U1-6
Add Pin To Net: Unknown Pin: Pin U1-7
Add Pin To Net: Unknown Pin: Pin U1-8
Add Pin To Net: Unknown Pin: Pin U1-9
Add Pin To Net: Unknown Pin: Pin U1-11
Add Pin To Net: Unknown Pin: Pin U1-12
Add Pin To Net: Unknown Pin: Pin U1-13
Add Pin To Net: Unknown Pin: Pin U1-14
Add Pin To Net: Unknown Pin: Pin U1-15
Add Pin To Net: Unknown Pin: Pin U1-16
Add Pin To Net: Unknown Pin: Pin U1-17
Add Pin To Net: Unknown Pin: Pin U1-18
Add Pin To Net: Unknown Pin: Pin U101-1
Add Pin To Net: Unknown Pin: Pin U101-2
Add Pin To Net: Unknown Pin: Pin U101-3
Add Pin To Net: Unknown Pin: Pin U101-4
Add Pin To Net: Unknown Pin: Pin U102-1
Add Pin To Net: Unknown Pin: Pin U102-2
Add Pin To Net: Unknown Pin: Pin U102-3
Add Pin To Net: Unknown Pin: Pin U102-4
Add Pin To Net: Unknown Pin: Pin U103-1
Add Pin To Net: Unknown Pin: Pin U103-2
Add Pin To Net: Unknown Pin: Pin U103-3
Add Pin To Net: Unknown Pin: Pin U103-4
Add Pin To Net: Unknown Pin: Pin U103-5
Add Pin To Net: Unknown Pin: Pin U103-6
Add Pin To Net: Unknown Pin: Pin U103-7
Add Pin To Net: Unknown Pin: Pin U103-8
Add Pin To Net: Unknown Pin: Pin U103-9
Add Pin To Net: Unknown Pin: Pin U103-10
Add Pin To Net: Unknown Pin: Pin U103-11
Add Pin To Net: Unknown Pin: Pin U103-12
Add Pin To Net: Unknown Pin: Pin U103-14
Add Pin To Net: Unknown Pin: Pin U103-15
Add Pin To Net: Unknown Pin: Pin U103-16
Add Pin To Net: Unknown Pin: Pin U104-1
Add Pin To Net: Unknown Pin: Pin U104-2
Add Pin To Net: Unknown Pin: Pin U104-3
Add Pin To Net: Unknown Pin: Pin U104-4
Add Pin To Net: Unknown Pin: Pin U104-5
Add Pin To Net: Unknown Pin: Pin U104-6
Add Pin To Net: Unknown Pin: Pin U104-7
Add Pin To Net: Unknown Pin: Pin U104-8
Add Pin To Net: Unknown Pin: Pin U104-9
Add Pin To Net: Unknown Pin: Pin U104-10
Add Pin To Net: Unknown Pin: Pin U104-11
Add Pin To Net: Unknown Pin: Pin U104-12
Add Pin To Net: Unknown Pin: Pin U104-14
Add Pin To Net: Unknown Pin: Pin U104-15
Add Pin To Net: Unknown Pin: Pin U104-16
Add Pin To Net: Unknown Pin: Pin U201-1
Add Pin To Net: Unknown Pin: Pin U201-3
Add Pin To Net: Unknown Pin: Pin U201-5
Add Pin To Net: Unknown Pin: Pin U201-6
Add Pin To Net: Unknown Pin: Pin U201-7
Add Pin To Net: Unknown Pin: Pin U201-8
Add Pin To Net: Unknown Pin: Pin U201-9
Add Pin To Net: Unknown Pin: Pin U201-10
Add Pin To Net: Unknown Pin: Pin U201-12
Add Pin To Net: Unknown Pin: Pin U201-16
Add Pin To Net: Unknown Pin: Pin U201-17
Add Pin To Net: Unknown Pin: Pin U201-18
Add Pin To Net: Unknown Pin: Pin U202-2
Add Pin To Net: Unknown Pin: Pin U202-3
Add Pin To Net: Unknown Pin: Pin U202-4
Add Pin To Net: Unknown Pin: Pin U202-5
Add Pin To Net: Unknown Pin: Pin U203-1
Add Pin To Net: Unknown Pin: Pin U203-2
Add Pin To Net: Unknown Pin: Pin U203-5
Add Pin To Net: Unknown Pin: Pin U203-6
Add Pin To Net: Unknown Pin: Pin U203-7
Add Pin To Net: Unknown Pin: Pin U203-8
Add Pin To Net: Unknown Pin: Pin U203-11
Add Pin To Net: Unknown Pin: Pin U301-1
Add Pin To Net: Unknown Pin: Pin U301-2
Add Pin To Net: Unknown Pin: Pin U301-3
Add Pin To Net: Unknown Pin: Pin U301-4
Add Pin To Net: Unknown Pin: Pin U301-5
Add Pin To Net: Unknown Pin: Pin U301-6
Add Pin To Net: Unknown Pin: Pin U301-7
Add Pin To Net: Unknown Pin: Pin U301-8
Add Pin To Net: Unknown Pin: Pin U301-9
Add Pin To Net: Unknown Pin: Pin U301-10
Add Pin To Net: Unknown Pin: Pin U301-11
Add Pin To Net: Unknown Pin: Pin U301-12
Add Pin To Net: Unknown Pin: Pin U301-13
Add Pin To Net: Unknown Pin: Pin U301-14
Add Pin To Net: Unknown Pin: Pin U301-15
Add Pin To Net: Unknown Pin: Pin U301-16
Add Pin To Net: Unknown Pin: Pin U301-17
Add Pin To Net: Unknown Pin: Pin U301-18
Add Pin To Net: Unknown Pin: Pin U301-19
Add Pin To Net: Unknown Pin: Pin U301-20
Add Pin To Net: Unknown Pin: Pin U301-22
Add Pin To Net: Unknown Pin: Pin U301-23
Add Pin To Net: Unknown Pin: Pin U301-24
Add Pin To Net: Unknown Pin: Pin U301-25
Add Pin To Net: Unknown Pin: Pin U301-26
Add Pin To Net: Unknown Pin: Pin U301-27
Add Pin To Net: Unknown Pin: Pin U301-28
Add Pin To Net: Unknown Pin: Pin U301-29
Add Pin To Net: Unknown Pin: Pin U301-30
Add Pin To Net: Unknown Pin: Pin U301-31
Add Pin To Net: Unknown Pin: Pin U301-32
Add Pin To Net: Unknown Pin: Pin U301-33
Add Pin To Net: Unknown Pin: Pin U301-34
Add Pin To Net: Unknown Pin: Pin U301-35
Add Pin To Net: Unknown Pin: Pin U301-36
Add Pin To Net: Unknown Pin: Pin U301-37
Add Pin To Net: Unknown Pin: Pin U301-38
Add Pin To Net: Unknown Pin: Pin U301-39
Add Pin To Net: Unknown Pin: Pin U301-40
Add Pin To Net: Unknown Pin: Pin U601-1
Add Pin To Net: Unknown Pin: Pin U601-2
Add Pin To Net: Unknown Pin: Pin U601-4
Add Pin To Net: Unknown Pin: Pin U601-5
Add Pin To Net: Unknown Pin: Pin U601-6
Add Pin To Net: Unknown Pin: Pin U601-7
Add Pin To Net: Unknown Pin: Pin U601-8
Add Pin To Net: Unknown Pin: Pin U601-9
Add Pin To Net: Unknown Pin: Pin U601-10
Add Pin To Net: Unknown Pin: Pin U601-11
Add Pin To Net: Unknown Pin: Pin U601-12
Add Pin To Net: Unknown Pin: Pin U601-13
Add Pin To Net: Unknown Pin: Pin U601-14
Add Pin To Net: Unknown Pin: Pin U601-15
Add Pin To Net: Unknown Pin: Pin U601-16
Add Pin To Net: Unknown Pin: Pin U601-17
Add Pin To Net: Unknown Pin: Pin U601-18
Add Pin To Net: Unknown Pin: Pin U602-1
Add Pin To Net: Unknown Pin: Pin U602-2
Add Pin To Net: Unknown Pin: Pin U602-3
Add Pin To Net: Unknown Pin: Pin U602-4
Add Pin To Net: Unknown Pin: Pin U602-6
Add Pin To Net: Unknown Pin: Pin U602-7
Add Pin To Net: Unknown Pin: Pin U602-8
Add Pin To Net: Unknown Pin: Pin Y601-1
Add Pin To Net: Unknown Pin: Pin Y601-2
Add Class Member: Failed to add class member : Component * Conn_02x03_Odd_Even
Add Class Member: Failed to add class member : Component AE101 Antenna_Shield
Added Member To Class: ClassName=RF Voice Member=Component C201 2.2uF
Added Member To Class: ClassName=RF Voice Member=Component C202 1uF
Added Member To Class: ClassName=RF Voice Member=Component C203 0.1uF
Added Member To Class: ClassName=RF Voice Member=Component C204 .1uF
Added Member To Class: ClassName=LORA Member=Component C401 1uF
Added Member To Class: ClassName=CAN_Module Member=Component C601 30
Added Member To Class: ClassName=CAN_Module Member=Component C602 30
Add Class Member: Failed to add class member : Component D101 LED
Add Class Member: Failed to add class member : Component D102 LED
Add Class Member: Failed to add class member : Component D103 LED
Add Class Member: Failed to add class member : Component D104 LED
Add Class Member: Failed to add class member : Component D105 LED
Add Class Member: Failed to add class member : Component J1 CONN_1924389
Add Class Member: Failed to add class member : Component J101 Screw_Terminal_01x02
Add Class Member: Failed to add class member : Component J102 Screw_Terminal_01x02
Add Class Member: Failed to add class member : Component J103 XY2500 RDS
Add Class Member: Failed to add class member : Component J201 Conn_01x05
Add Class Member: Failed to add class member : Component J202 Conn_01x04
Add Class Member: Failed to add class member : Component J401 LORA Module E32-433D
Add Class Member: Failed to add class member : Component J501 Conn_01x04_Socket
Add Class Member: Failed to add class member : Component J602 Conn_01x02_Pin
Add Class Member: Failed to add class member : Component J603 Screw_Terminal_01x02
Add Class Member: Failed to add class member : Component J? 5499922-4
Add Class Member: Failed to add class member : Component JP101 SolderJumper_2_Bridged
Add Class Member: Failed to add class member : Component JP102 SolderJumper_2_Bridged
Add Class Member: Failed to add class member : Component JP103 SolderJumper_2_Bridged
Add Class Member: Failed to add class member : Component JP104 SolderJumper_2_Bridged
Add Class Member: Failed to add class member : Component JP105 SolderJumper_2_Bridged
Add Class Member: Failed to add class member : Component JP106 SolderJumper_2_Open
Added Member To Class: ClassName=RF Voice Member=Component JP201 SolderJumper_2_Open
Add Class Member: Failed to add class member : Component LED1 LED
Add Class Member: Failed to add class member : Component LED2 LED
Add Class Member: Failed to add class member : Component LED3 LED
Add Class Member: Failed to add class member : Component Q1 SI2309DS
Add Class Member: Failed to add class member : Component Q2 SI2309DS
Add Class Member: Failed to add class member : Component Q3 SI2309DS
Add Class Member: Failed to add class member : Component Q4 SI2309DS
Add Class Member: Failed to add class member : Component Q5 SI2309DS
Add Class Member: Failed to add class member : Component Q6 SI2309DS
Add Class Member: Failed to add class member : Component Q7 SI2309DS
Add Class Member: Failed to add class member : Component Q8 SI2309DS
Add Class Member: Failed to add class member : Component Q9 SI2309DS
Add Class Member: Failed to add class member : Component Q10 SI2309DS
Add Class Member: Failed to add class member : Component R5 470
Add Class Member: Failed to add class member : Component R6 470
Add Class Member: Failed to add class member : Component R7 470
Added Member To Class: ClassName=CAR PCB Member=Component R101 220
Added Member To Class: ClassName=CAR PCB Member=Component R102 220
Added Member To Class: ClassName=CAR PCB Member=Component R103 0
Added Member To Class: ClassName=CAR PCB Member=Component R104 0
Added Member To Class: ClassName=CAR PCB Member=Component R105 470
Added Member To Class: ClassName=CAR PCB Member=Component R106 470
Added Member To Class: ClassName=CAR PCB Member=Component R107 470
Added Member To Class: ClassName=CAR PCB Member=Component R108 1k
Added Member To Class: ClassName=CAR PCB Member=Component R109 1k
Added Member To Class: ClassName=CAR PCB Member=Component R110 1k
Added Member To Class: ClassName=CAR PCB Member=Component R111 1k
Added Member To Class: ClassName=CAR PCB Member=Component R112 1k
Added Member To Class: ClassName=CAR PCB Member=Component R113 1k
Added Member To Class: ClassName=CAN_Module Member=Component R601 120
Added Member To Class: ClassName=CAN_Module Member=Component R602 10k
Added Member To Class: ClassName=RF Voice Member=Component R901 10k
Add Class Member: Failed to add class member : Component RV201 10k
Add Class Member: Failed to add class member : Component U1 ULN2803A_DW_18
Add Class Member: Failed to add class member : Component U101 DC DC_StepDown_LM2596
Add Class Member: Failed to add class member : Component U102 DC DC_StepDown_LM2596
Add Class Member: Failed to add class member : Component U103 PCF8574
Add Class Member: Failed to add class member : Component U104 PCF8574
Add Class Member: Failed to add class member : Component U201 ~
Add Class Member: Failed to add class member : Component U202 74AHCT1G04DBVR
Add Class Member: Failed to add class member : Component U203 ~
Add Class Member: Failed to add class member : Component U301 BlackPill_Part_Like_SWD_Breakout
Add Class Member: Failed to add class member : Component U601 MCP2515-xSO
Add Class Member: Failed to add class member : Component U602 TJA1051T
Add Class Member: Failed to add class member : Component Y601 Crystal
